<?xml version="1.0" encoding="UTF-8"?>
<testsuite name="HelloWorldTest" tests="1" skipped="0" failures="0" errors="0" timestamp="2022-02-10T16:27:00" hostname="MacBookProMayber.local" time="0.009">
  <properties/>
  <testcase name="helloWorldTest" classname="HelloWorldTest" time="0.009"/>
  <system-out><![CDATA[]]></system-out>
  <system-err><![CDATA[]]></system-err>
</testsuite>
