<?xml version="1.0" encoding="UTF-8"?>
<testsuite name="TwoFerTest" tests="4" skipped="3" failures="0" errors="0" timestamp="2022-02-10T16:38:07" hostname="MacBookProMayber.local" time="0.01">
  <properties/>
  <testcase name="noNameGiven" classname="TwoFerTest" time="0.01"/>
  <testcase name="emptyStringGiven" classname="TwoFerTest" time="0.0">
    <skipped/>
  </testcase>
  <testcase name="aNameGiven" classname="TwoFerTest" time="0.0">
    <skipped/>
  </testcase>
  <testcase name="anotherNameGiven" classname="TwoFerTest" time="0.0">
    <skipped/>
  </testcase>
  <system-out><![CDATA[]]></system-out>
  <system-err><![CDATA[]]></system-err>
</testsuite>
